<?xml version="1.0" encoding="UTF-8"?>
<!-- Generated by org.testng.reporters.JUnitXMLReporter -->
<testsuite ignored="0" hostname="DESKTOP-ST8DS5J" failures="1" tests="4" name="Test" time="23.514" errors="0" timestamp="2023-03-29T10:21:43 IST">
  <testcase classname="admin_Module.CreateAdminAndEdit" name="createadminedit" time="2.35">
    <skipped/>
  </testcase> <!-- createadminedit -->
  <testcase classname="admin_Module.CreateAdminAndEdit" name="createadminedit" time="1.07">
    <skipped/>
  </testcase> <!-- createadminedit -->
  <testcase classname="admin_Module.CreateAdminAndEdit" name="createadminedit" time="1.043">
    <skipped/>
  </testcase> <!-- createadminedit -->
  <testcase classname="admin_Module.CreateAdminAndEdit" name="createadminedit" time="0.938">
    <failure type="java.lang.AssertionError" message="null">
      <![CDATA[java.lang.AssertionError: null
at admin_Module.CreateAdminAndEdit.createadminedit(CreateAdminAndEdit.java:71)
at java.base/java.util.ArrayList.forEach(ArrayList.java:1511)
... Removed 29 stack frames]]>
    </failure>
  </testcase> <!-- createadminedit -->
</testsuite> <!-- Test -->
